<?xml version="1.0" encoding="UTF-8"?>
<coverage generated="1675190870323" clover="3.2.0">
  <project timestamp="1675190870324" name="All files">
    <metrics statements="8" coveredstatements="8" conditionals="2" coveredconditionals="2" methods="2" coveredmethods="2" elements="12" coveredelements="12" complexity="0" loc="8" ncloc="8" packages="1" files="1" classes="1"/>
    <file name="Card.jsx" path="C:\Users\ferna\OneDrive\Desktop\MOBDEV\DogCeoApp-Pair\dogCeoApp-Pair\src\components\Card\Card.jsx">
      <metrics statements="8" coveredstatements="8" conditionals="2" coveredconditionals="2" methods="2" coveredmethods="2"/>
      <line num="1" count="1" type="cond" truecount="1" falsecount="0"/>
      <line num="2" count="3" type="stmt"/>
      <line num="3" count="3" type="stmt"/>
      <line num="4" count="3" type="stmt"/>
      <line num="5" count="3" type="stmt"/>
      <line num="6" count="3" type="stmt"/>
      <line num="7" count="3" type="stmt"/>
      <line num="8" count="3" type="cond" truecount="1" falsecount="0"/>
    </file>
  </project>
</coverage>
