{"C:\\Users\\ferna\\OneDrive\\Desktop\\MOBDEV\\DogCeoApp-Pair\\dogCeoApp-Pair\\src\\components\\Card\\Card.jsx": {"path":"C:\\Users\\ferna\\OneDrive\\Desktop\\MOBDEV\\DogCeoApp-Pair\\dogCeoApp-Pair\\src\\components\\Card\\Card.jsx","all":false,"statementMap":{"0":{"start":{"line":1,"column":0},"end":{"line":1,"column":46}},"1":{"start":{"line":2,"column":0},"end":{"line":2,"column":10}},"2":{"start":{"line":3,"column":0},"end":{"line":3,"column":6}},"3":{"start":{"line":4,"column":0},"end":{"line":4,"column":22}},"4":{"start":{"line":5,"column":0},"end":{"line":5,"column":33}},"5":{"start":{"line":6,"column":0},"end":{"line":6,"column":7}},"6":{"start":{"line":7,"column":0},"end":{"line":7,"column":4}},"7":{"start":{"line":8,"column":0},"end":{"line":8,"column":2}}},"s":{"0":1,"1":0,"2":0,"3":0,"4":0,"5":0,"6":0,"7":0},"branchMap":{},"b":{},"fnMap":{"0":{"name":"Card","decl":{"start":{"line":1,"column":20},"end":{"line":8,"column":2}},"loc":{"start":{"line":1,"column":20},"end":{"line":8,"column":2}},"line":1},"1":{"name":"get","decl":{"start":{"line":8,"column":0},"end":{"line":8,"column":2}},"loc":{"start":{"line":8,"column":0},"end":{"line":8,"column":2}},"line":8}},"f":{"0":0,"1":0}}
}
